Start testing: Mar 11 07:43 GMT
----------------------------------------------------------
6/6 Testing: unparse_dsl_tests
6/6 Test: unparse_dsl_tests
Command: "/Users/oliverpryce/Documents/AI/text-to-geometry/build/unparse_dsl_tests"
Directory: /Users/oliverpryce/Documents/AI/text-to-geometry/build
"unparse_dsl_tests" start time: Mar 11 07:43 GMT
Output:
----------------------------------------------------------
Running main() from /Users/oliverpryce/Documents/AI/text-to-geometry/build/_deps/googletest-src/googletest/src/gtest_main.cc
[==========] Running 5 tests from 1 test suite.
[----------] Global test environment set-up.
[----------] 5 tests from UnparseDSL
[ RUN      ] UnparseDSL.EmptyFlatIR
[       OK ] UnparseDSL.EmptyFlatIR (0 ms)
[ RUN      ] UnparseDSL.SingleSphereRoundTrip
[       OK ] UnparseDSL.SingleSphereRoundTrip (0 ms)
[ RUN      ] UnparseDSL.UnionRoundTrip
[       OK ] UnparseDSL.UnionRoundTrip (0 ms)
[ RUN      ] UnparseDSL.TranslateAndApplyRoundTrip
[       OK ] UnparseDSL.TranslateAndApplyRoundTrip (0 ms)
[ RUN      ] UnparseDSL.UnparsedDSLEvaluatesCorrectly
[       OK ] UnparseDSL.UnparsedDSLEvaluatesCorrectly (0 ms)
[----------] 5 tests from UnparseDSL (0 ms total)

[----------] Global test environment tear-down
[==========] 5 tests from 1 test suite ran. (0 ms total)
[  PASSED  ] 5 tests.
<end of output>
Test time =   0.72 sec
----------------------------------------------------------
Test Passed.
"unparse_dsl_tests" end time: Mar 11 07:43 GMT
"unparse_dsl_tests" time elapsed: 00:00:00
----------------------------------------------------------

End testing: Mar 11 07:43 GMT
